0 info it worked if it ends with ok
1 verbose cli [ 'C:\\Program Files\\nodejs\\\\node.exe',
1 verbose cli   'C:\\Program Files\\nodejs\\node_modules\\npm\\bin\\npm-cli.js',
1 verbose cli   'publish' ]
2 info using npm@1.1.69
3 info using node@v0.8.16
4 verbose node symlink C:\Program Files\nodejs\\node.exe
5 verbose publish [ '.' ]
6 verbose read json C:\Users\James\Documents\Nem\FOR\Projects\imgur-node-api\package.json
7 error TypeError: Cannot call method 'replace' of undefined
7 error     at C:\Program Files\nodejs\node_modules\npm\node_modules\read-package-json\read-json.js:332:45
7 error     at fs.js:117:20
7 error     at C:\Program Files\nodejs\node_modules\npm\node_modules\graceful-fs\graceful-fs.js:53:5
7 error     at C:\Program Files\nodejs\node_modules\npm\node_modules\graceful-fs\graceful-fs.js:62:5
7 error     at Object.oncomplete (fs.js:297:15)
8 error If you need help, you may report this log at:
8 error     <http://github.com/isaacs/npm/issues>
8 error or email it to:
8 error     <npm-@googlegroups.com>
9 error System Windows_NT 6.2.9200
10 error command "C:\\Program Files\\nodejs\\\\node.exe" "C:\\Program Files\\nodejs\\node_modules\\npm\\bin\\npm-cli.js" "publish"
11 error cwd C:\Users\James\Documents\Nem\FOR\Projects\imgur-node-api
12 error node -v v0.8.16
13 error npm -v 1.1.69
14 error type non_object_property_call
15 verbose exit [ 1, true ]
